<?xml version="1.0" encoding="UTF-8"?>
<testng-results ignored="0" total="1" passed="1" failed="0" skipped="0">
  <reporter-output>
    <line>
      <![CDATA[addUser]]>
    </line>
  </reporter-output>
  <suite started-at="2023-12-29T08:58:30 IST" name="Suite" finished-at="2023-12-29T08:58:31 IST" duration-ms="233">
    <groups>
    </groups>
    <test started-at="2023-12-29T08:58:30 IST" name="Test" finished-at="2023-12-29T08:58:31 IST" duration-ms="233">
      <class name="com.actitime.testscript.UserModule">
        <test-method signature="addUser()[pri:0, instance:com.actitime.testscript.UserModule@17497425]" started-at="2023-12-29T08:58:30 IST" name="addUser" finished-at="2023-12-29T08:58:31 IST" duration-ms="85" status="PASS">
          <reporter-output>
            <line>
              <![CDATA[addUser]]>
            </line>
          </reporter-output>
        </test-method> <!-- addUser -->
      </class> <!-- com.actitime.testscript.UserModule -->
    </test> <!-- Test -->
  </suite> <!-- Suite -->
</testng-results>
